<?xml version="1.0" encoding="UTF-8"?>
<!-- Generated by org.testng.reporters.JUnitReportReporter -->
<testsuite hostname="Sreeja" failures="0" tests="2" name="TestScript.AmazonTestCases" time="5.100" errors="0" timestamp="2025-02-06T08:29:23 MST" skipped="0">
  <testcase classname="TestScript.AmazonTestCases" name="TC08" time="2.314"/>
  <testcase classname="TestScript.AmazonTestCases" name="TC08" time="2.786"/>
</testsuite> <!-- TestScript.AmazonTestCases -->
